{
  "users": [
    {
      "username": "Bennet"
    }
  ]
}System shutdown
Running app: 2048
Running app: Calculator
Running app: EtchShell
Running app: FileManager
Running app: SystemInfo
Running app: TextEditor
Running app: SystemInfo
Running app: SystemInfo
Running app: SystemInfo
Running app: SystemInfo
Running app: SystemInfo
Running app: SystemInfo
Running app: SystemInfo
Running app: SystemInfo
Running app: SystemInfo
Running app: SystemInfo
Running app: SystemInfo
Running app: FileManager
Running app: EtchShell
Running app: Calculator
Running app: 2048
Running app: 2048
Running app: Calculator
Running app: EtchShell
Running app: FileManager
Running app: FileManager
Running app: SystemInfo
Running app: 2048
Running app: Calculator
Running app: EtchShell
Running app: EtchShell
Running app: 2048
Running app: 2048
Running app: 2048
Running app: 2048
Running app: 2048
Running app: 2048
Running app: 2048
Running app: 2048
Running app: Calculator
Running app: 2048
Running app: Calculator
Running app: EtchShell
Running app: FileManager
Running app: TextEditor
Running app: FileManager
